{
  "RSpec": {
    "coverage": {
      "/home/Ksamuel92/tic-tac-toe-rb-bootcamp-prep-000/lib/tic_tac_toe.rb": [
        null,
        null,
        1,
        null,
        null,
        null,
        null,
        null,
        null,
        null,
        null,
        null,
        null,
        null,
        1,
        20,
        20,
        20,
        20,
        20,
        null,
        null,
        1,
        19,
        null,
        null,
        1,
        19,
        null,
        null,
        1,
        176,
        null,
        null,
        1,
        19,
        null,
        null,
        null,
        null,
        null,
        null,
        1,
        16,
        16,
        16,
        16,
        15,
        15,
        null,
        1,
        null,
        null,
        null,
        1,
        null,
        null,
        2,
        2,
        18,
        5,
        null,
        null,
        2,
        null,
        null,
        null,
        1,
        1,
        null,
        null,
        1,
        71,
        422,
        null,
        null,
        null,
        null,
        null,
        1,
        148,
        null,
        null,
        1,
        18,
        7,
        11,
        null,
        3,
        3,
        null,
        null,
        null,
        1,
        17,
        10,
        7,
        null,
        null,
        null,
        1,
        8,
        7,
        null,
        null,
        null,
        null,
        1,
        12,
        12,
        6,
        6,
        3,
        null,
        null
      ]
    },
    "timestamp": 1613840568
  }
}
