{
  "RSpec": {
    "coverage": {
      "/home/Ksamuel92/tic-tac-toe-rb-bootcamp-prep-000/lib/tic_tac_toe.rb": [
        null,
        null,
        1,
        null,
        null,
        null,
        null,
        null,
        null,
        null,
        null,
        null,
        null,
        null,
        1,
        5,
        5,
        5,
        5,
        5,
        null,
        null,
        1,
        13,
        null,
        null,
        1,
        3,
        null,
        null,
        1,
        81,
        null,
        null,
        1,
        13,
        null,
        null,
        null,
        null,
        null,
        null,
        1,
        10,
        10,
        10,
        10,
        9,
        0,
        null,
        1,
        null,
        null,
        null,
        1,
        null,
        null,
        2,
        2,
        18,
        5,
        null,
        null,
        2,
        null,
        null,
        null,
        1,
        1,
        null,
        null,
        1,
        46,
        271,
        null,
        null,
        null,
        null,
        null,
        1,
        104,
        null,
        null,
        1,
        13,
        7,
        6,
        null,
        3,
        3,
        null,
        null,
        null,
        1,
        11,
        7,
        4,
        null,
        null,
        null,
        1,
        6,
        5,
        null,
        null,
        null,
        null,
        1,
        12,
        5,
        3,
        2,
        2,
        null,
        null
      ]
    },
    "timestamp": 1613840617
  }
}
